{
  "RSpec": {
    "coverage": {
      "/Users/juliajubileu/Documents/Projetos/TreinaDev/job-board/app/models/recruiter.rb": {
        "lines": [
          1,
          1,
          null,
          null,
          null,
          1,
          1,
          null,
          1,
          null,
          null,
          1,
          149,
          1,
          null,
          null,
          null
        ]
      },
      "/Users/juliajubileu/Documents/Projetos/TreinaDev/job-board/app/models/application_record.rb": {
        "lines": [
          1,
          1,
          null
        ]
      },
      "/Users/juliajubileu/Documents/Projetos/TreinaDev/job-board/app/helpers/application_helper.rb": {
        "lines": [
          1,
          null
        ]
      },
      "/Users/juliajubileu/Documents/Projetos/TreinaDev/job-board/app/models/company.rb": {
        "lines": [
          1,
          1,
          null,
          1,
          1,
          null,
          1,
          0,
          null,
          null
        ]
      },
      "/Users/juliajubileu/Documents/Projetos/TreinaDev/job-board/app/controllers/home_controller.rb": {
        "lines": [
          1,
          1,
          null,
          null,
          null
        ]
      },
      "/Users/juliajubileu/Documents/Projetos/TreinaDev/job-board/app/controllers/application_controller.rb": {
        "lines": [
          1,
          null,
          null
        ]
      },
      "/Users/juliajubileu/Documents/Projetos/TreinaDev/job-board/app/controllers/registrations_controller.rb": {
        "lines": [
          1,
          1,
          null,
          1,
          6,
          6,
          null,
          6,
          1,
          null,
          5,
          null,
          null,
          null
        ]
      },
      "/Users/juliajubileu/Documents/Projetos/TreinaDev/job-board/app/controllers/companies_controller.rb": {
        "lines": [
          1,
          1,
          0,
          null,
          null,
          1,
          2,
          null,
          null,
          1,
          5,
          null,
          null,
          1,
          3,
          3,
          1,
          null,
          2,
          null,
          null,
          null,
          1,
          null,
          1,
          3,
          null,
          null
        ]
      },
      "/Users/juliajubileu/Documents/Projetos/TreinaDev/job-board/app/channels/application_cable/channel.rb": {
        "lines": [
          0,
          0,
          0,
          0
        ],
        "branches": {
        }
      },
      "/Users/juliajubileu/Documents/Projetos/TreinaDev/job-board/app/channels/application_cable/connection.rb": {
        "lines": [
          0,
          0,
          0,
          0
        ],
        "branches": {
        }
      },
      "/Users/juliajubileu/Documents/Projetos/TreinaDev/job-board/app/jobs/application_job.rb": {
        "lines": [
          0,
          null,
          null,
          null,
          null,
          null,
          0
        ],
        "branches": {
        }
      },
      "/Users/juliajubileu/Documents/Projetos/TreinaDev/job-board/app/mailers/application_mailer.rb": {
        "lines": [
          0,
          0,
          0,
          0
        ],
        "branches": {
        }
      }
    },
    "timestamp": 1613655104
  }
}
